2021-04-07 08:09:56,359 INFO (StartupInfoLogger.java:50)- Starting SanquanApplication on tuojiangdeMacBook-Pro.local with PID 13982 (/Users/sc/Desktop/sanquan/sanquan-java/target/classes started by sc in /Users/sc/Desktop/sanquan/sanquan-java)
2021-04-07 08:09:56,363 DEBUG (StartupInfoLogger.java:53)- Running with Spring Boot v2.1.5.RELEASE, Spring v5.1.7.RELEASE
2021-04-07 08:09:56,363 INFO (SpringApplication.java:679)- The following profiles are active: test
2021-04-07 08:09:59,133 INFO (StartupInfoLogger.java:59)- Started SanquanApplication in 3.278 seconds (JVM running for 3.691)
2021-04-07 09:01:25,519 INFO (LoginController.java:185)- 登录验证码value：393910
2021-04-07 09:01:25,520 INFO (LoginController.java:186)- 登录验证码key：VI_df24135f-4409-4153-a9d1-d0b7dbe9762d
2021-04-07 09:16:12,920 INFO (LoginController.java:185)- 登录验证码value：387710
2021-04-07 09:16:12,931 INFO (LoginController.java:186)- 登录验证码key：VI_01161446-d369-4257-9588-8b3796b00c92
2021-04-07 09:18:44,362 INFO (LoginController.java:185)- 登录验证码value：037229
2021-04-07 09:18:44,366 INFO (LoginController.java:186)- 登录验证码key：VI_26955298-c4b2-4728-9fcd-37398836a8cb
2021-04-07 09:19:46,858 INFO (LoginController.java:185)- 登录验证码value：101829
2021-04-07 09:19:46,860 INFO (LoginController.java:186)- 登录验证码key：VI_9ca77be8-2947-4867-88d6-141a775f349a
2021-04-07 09:19:52,608 INFO (LoginController.java:185)- 登录验证码value：164988
2021-04-07 09:19:52,609 INFO (LoginController.java:186)- 登录验证码key：VI_8c5a7401-c7c2-40d3-b5b5-6d1bf316b11c
2021-04-07 09:19:56,040 INFO (LoginController.java:185)- 登录验证码value：342361
2021-04-07 09:19:56,041 INFO (LoginController.java:186)- 登录验证码key：VI_8f926701-749e-439a-b9ed-6b578a0c026b
2021-04-07 09:19:56,785 INFO (LoginController.java:185)- 登录验证码value：414509
2021-04-07 09:19:56,786 INFO (LoginController.java:186)- 登录验证码key：VI_cf419a04-492f-4327-a89b-087171041fa4
2021-04-07 09:19:57,411 INFO (LoginController.java:185)- 登录验证码value：062260
2021-04-07 09:19:57,412 INFO (LoginController.java:186)- 登录验证码key：VI_74602390-9409-49bc-8acb-446812e02c08
2021-04-07 09:19:58,085 INFO (LoginController.java:185)- 登录验证码value：087905
2021-04-07 09:19:58,086 INFO (LoginController.java:186)- 登录验证码key：VI_835822e4-d478-46a4-bfae-8438611ccc30
2021-04-07 09:19:58,500 INFO (LoginController.java:185)- 登录验证码value：438491
2021-04-07 09:19:58,500 INFO (LoginController.java:186)- 登录验证码key：VI_63cfbd8d-35f6-4a66-b0d8-9dae7a0f9518
2021-04-07 09:19:58,953 INFO (LoginController.java:185)- 登录验证码value：437028
2021-04-07 09:19:58,953 INFO (LoginController.java:186)- 登录验证码key：VI_b7c77934-3994-4c29-9c53-9489ed44219e
2021-04-07 09:20:39,829 INFO (LoginController.java:185)- 登录验证码value：402611
2021-04-07 09:20:39,830 INFO (LoginController.java:186)- 登录验证码key：VI_9fe27c11-753a-42b1-b084-ee22896187da
2021-04-07 09:20:41,797 INFO (LoginController.java:185)- 登录验证码value：674138
2021-04-07 09:20:41,797 INFO (LoginController.java:186)- 登录验证码key：VI_c1b97788-527a-4c8c-a874-e12915904783
2021-04-07 09:20:43,858 INFO (LoginController.java:185)- 登录验证码value：361612
2021-04-07 09:20:43,859 INFO (LoginController.java:186)- 登录验证码key：VI_cf436456-51af-4785-8143-54b0a8430a5b
2021-04-07 09:20:44,888 INFO (LoginController.java:185)- 登录验证码value：303309
2021-04-07 09:20:44,889 INFO (LoginController.java:186)- 登录验证码key：VI_f055f431-d61e-455a-aae1-2e4f7baf03a1
2021-04-07 09:20:45,930 INFO (LoginController.java:185)- 登录验证码value：014542
2021-04-07 09:20:45,931 INFO (LoginController.java:186)- 登录验证码key：VI_c4a999ee-63a3-4065-b98e-b9ca341c5384
2021-04-07 09:20:53,447 INFO (LoginController.java:185)- 登录验证码value：334134
2021-04-07 09:20:53,448 INFO (LoginController.java:186)- 登录验证码key：VI_e74a2ca5-4313-4802-a809-bcc767ae94f3
2021-04-07 09:20:54,552 INFO (LoginController.java:185)- 登录验证码value：742201
2021-04-07 09:20:54,552 INFO (LoginController.java:186)- 登录验证码key：VI_c9103d78-bffe-4924-a821-7004648afa36
2021-04-07 09:20:55,156 INFO (LoginController.java:185)- 登录验证码value：452583
2021-04-07 09:20:55,157 INFO (LoginController.java:186)- 登录验证码key：VI_428e2963-1f6f-4af8-a87c-8acc3056623d
2021-04-07 09:21:03,574 INFO (LoginController.java:185)- 登录验证码value：585104
2021-04-07 09:21:03,575 INFO (LoginController.java:186)- 登录验证码key：VI_d57d6d22-ab0c-450a-bbd4-cebf42dfba3d
2021-04-07 09:50:15,241 INFO (LoginController.java:185)- 登录验证码value：013811
2021-04-07 09:50:15,244 INFO (LoginController.java:186)- 登录验证码key：VI_c9914403-b488-4574-95b5-2b0b346e0508
2021-04-07 09:51:53,713 INFO (LoginController.java:185)- 登录验证码value：976870
2021-04-07 09:51:53,716 INFO (LoginController.java:186)- 登录验证码key：VI_14061ed8-db7e-41f0-8d96-4b524121c869
2021-04-07 09:52:26,709 INFO (LoginController.java:185)- 登录验证码value：751221
2021-04-07 09:52:26,712 INFO (LoginController.java:186)- 登录验证码key：VI_00d6afb4-d9ab-4094-a4d0-2b4759733a44
2021-04-07 09:52:27,360 INFO (LoginController.java:185)- 登录验证码value：950575
2021-04-07 09:52:27,361 INFO (LoginController.java:186)- 登录验证码key：VI_ba0d3643-c221-4aec-85e7-2bb5ea304d0f
2021-04-07 09:52:27,882 INFO (LoginController.java:185)- 登录验证码value：572925
2021-04-07 09:52:27,882 INFO (LoginController.java:186)- 登录验证码key：VI_b3366230-ad02-4c7f-b249-0e1b148dda77
2021-04-07 09:52:52,746 INFO (LoginController.java:185)- 登录验证码value：038158
2021-04-07 09:52:52,747 INFO (LoginController.java:186)- 登录验证码key：VI_64f7d6fe-8d0a-447d-88f7-f74b29d0ffc1
2021-04-07 09:52:54,547 INFO (LoginController.java:185)- 登录验证码value：621238
2021-04-07 09:52:54,548 INFO (LoginController.java:186)- 登录验证码key：VI_7544916c-6ca3-4f1f-84e7-1ea3987062de
2021-04-07 09:52:57,143 INFO (LoginController.java:185)- 登录验证码value：260358
2021-04-07 09:52:57,144 INFO (LoginController.java:186)- 登录验证码key：VI_5d6057a1-6a7b-4111-b745-937ac6609013
2021-04-07 09:53:02,431 INFO (LoginController.java:185)- 登录验证码value：710859
2021-04-07 09:53:02,431 INFO (LoginController.java:186)- 登录验证码key：VI_4734f16f-4325-4d4f-acf7-ac5b285b4fe0
2021-04-07 10:01:08,107 INFO (LoginController.java:185)- 登录验证码value：879574
2021-04-07 10:01:08,115 INFO (LoginController.java:186)- 登录验证码key：VI_27f69964-40ed-4d46-ae82-d931796eae5c
2021-04-07 10:01:09,784 INFO (LoginController.java:185)- 登录验证码value：397417
2021-04-07 10:01:09,784 INFO (LoginController.java:186)- 登录验证码key：VI_3ce4c9f0-b767-4e8f-9999-d5636c1d44c9
2021-04-07 10:02:29,183 INFO (LoginController.java:185)- 登录验证码value：418938
2021-04-07 10:02:29,187 INFO (LoginController.java:186)- 登录验证码key：VI_d0abafda-f3cd-42d8-ad60-4ffd12dcadb3
2021-04-07 10:02:31,618 INFO (LoginController.java:185)- 登录验证码value：640712
2021-04-07 10:02:31,620 INFO (LoginController.java:186)- 登录验证码key：VI_de4e81be-f6c7-43b7-8f6c-8497689c8db5
2021-04-07 10:02:32,630 INFO (LoginController.java:185)- 登录验证码value：151157
2021-04-07 10:02:32,630 INFO (LoginController.java:186)- 登录验证码key：VI_ebb66e40-f101-4d99-a1e8-a4e8bf4a3e53
2021-04-07 10:02:33,221 INFO (LoginController.java:185)- 登录验证码value：108951
2021-04-07 10:02:33,221 INFO (LoginController.java:186)- 登录验证码key：VI_06ab9a00-ad31-4be3-95d7-531a23266b29
2021-04-07 10:02:33,735 INFO (LoginController.java:185)- 登录验证码value：622691
2021-04-07 10:02:33,735 INFO (LoginController.java:186)- 登录验证码key：VI_34a6c869-f465-4ad2-9bf6-f5b99b3cd009
2021-04-07 10:02:34,192 INFO (LoginController.java:185)- 登录验证码value：967083
2021-04-07 10:02:34,192 INFO (LoginController.java:186)- 登录验证码key：VI_4f2b6526-78d1-4628-81de-7c89795a3d7d
2021-04-07 10:02:34,690 INFO (LoginController.java:185)- 登录验证码value：957543
2021-04-07 10:02:34,690 INFO (LoginController.java:186)- 登录验证码key：VI_ccc2e5db-b22f-454b-9554-652adc2a6977
2021-04-07 10:02:35,230 INFO (LoginController.java:185)- 登录验证码value：393684
2021-04-07 10:02:35,230 INFO (LoginController.java:186)- 登录验证码key：VI_25f54404-bc9a-4022-9b22-fde767550cdd
2021-04-07 10:02:35,639 INFO (LoginController.java:185)- 登录验证码value：488420
2021-04-07 10:02:35,641 INFO (LoginController.java:186)- 登录验证码key：VI_d1bc4c23-8451-4d8b-8ce4-3deb92f2a31f
2021-04-07 10:07:32,437 INFO (LoginController.java:185)- 登录验证码value：104381
2021-04-07 10:07:32,438 INFO (LoginController.java:186)- 登录验证码key：VI_7a4b8c85-b72b-4a3c-be1d-e0df0d4a1723
2021-04-07 10:09:14,190 INFO (LoginController.java:185)- 登录验证码value：084091
2021-04-07 10:09:14,191 INFO (LoginController.java:186)- 登录验证码key：VI_752eacd2-d85b-4f3c-9499-4c36ecf69c9b
2021-04-07 10:09:15,949 INFO (LoginController.java:185)- 登录验证码value：298855
2021-04-07 10:09:15,950 INFO (LoginController.java:186)- 登录验证码key：VI_2789b706-8d34-4884-87d8-283512a3d3af
2021-04-07 10:09:16,539 INFO (LoginController.java:185)- 登录验证码value：230502
2021-04-07 10:09:16,539 INFO (LoginController.java:186)- 登录验证码key：VI_146ea4e4-92df-48a1-b0df-be6f9d8fdbb8
2021-04-07 10:09:16,953 INFO (LoginController.java:185)- 登录验证码value：109108
2021-04-07 10:09:16,954 INFO (LoginController.java:186)- 登录验证码key：VI_b2a260a8-ffa5-4e08-9787-2715d5376cdc
2021-04-07 10:09:21,765 INFO (LoginController.java:185)- 登录验证码value：575407
2021-04-07 10:09:21,766 INFO (LoginController.java:186)- 登录验证码key：VI_a84f907d-9dfa-451e-8e7a-e5cd80a00143
2021-04-07 10:10:04,047 INFO (LoginController.java:185)- 登录验证码value：073360
2021-04-07 10:10:04,049 INFO (LoginController.java:186)- 登录验证码key：VI_c2ed77f3-2203-486c-ac9b-be8a9b09d609
2021-04-07 10:13:42,944 INFO (LoginController.java:185)- 登录验证码value：829901
2021-04-07 10:13:42,948 INFO (LoginController.java:186)- 登录验证码key：VI_5e2148fb-6db4-44e8-aacc-4356a611346a
2021-04-07 10:15:42,016 INFO (LoginController.java:185)- 登录验证码value：904839
2021-04-07 10:15:42,023 INFO (LoginController.java:186)- 登录验证码key：VI_f77e3490-3d4d-48ae-ba28-c1cab0113a94
2021-04-07 10:15:56,636 INFO (LoginController.java:185)- 登录验证码value：670368
2021-04-07 10:15:56,637 INFO (LoginController.java:186)- 登录验证码key：VI_dfdf7155-e947-41a2-b1fc-a547be8d49fb
2021-04-07 10:17:19,028 INFO (LoginController.java:185)- 登录验证码value：711226
2021-04-07 10:17:19,029 INFO (LoginController.java:186)- 登录验证码key：VI_f2c608cf-4dc7-4c5a-bb1b-a54e175f4806
2021-04-07 10:17:39,732 INFO (LoginController.java:185)- 登录验证码value：105973
2021-04-07 10:17:39,733 INFO (LoginController.java:186)- 登录验证码key：VI_60af6182-b735-474f-9be2-b308de450c6f
2021-04-07 10:17:58,387 INFO (LoginController.java:185)- 登录验证码value：846547
2021-04-07 10:17:58,388 INFO (LoginController.java:186)- 登录验证码key：VI_94d4a035-f229-4cfd-8f50-3b8516ea4855
2021-04-07 10:18:03,259 INFO (LoginController.java:185)- 登录验证码value：153369
2021-04-07 10:18:03,259 INFO (LoginController.java:186)- 登录验证码key：VI_e0bcf65d-f859-40db-9fa9-14f8df221572
2021-04-07 10:18:03,893 INFO (LoginController.java:185)- 登录验证码value：915829
2021-04-07 10:18:03,893 INFO (LoginController.java:186)- 登录验证码key：VI_2b57adee-7057-419c-81d6-a2e8fe1ea568
2021-04-07 10:18:23,304 INFO (LoginController.java:185)- 登录验证码value：316357
2021-04-07 10:18:23,305 INFO (LoginController.java:186)- 登录验证码key：VI_b998ba39-422a-4d83-8516-5d2fddf9c89a
2021-04-07 10:22:36,050 INFO (LoginController.java:185)- 登录验证码value：684847
2021-04-07 10:22:36,051 INFO (LoginController.java:186)- 登录验证码key：VI_7785992b-1e16-42d3-8c39-a6ebbfeaf05a
2021-04-07 10:22:51,380 INFO (StartupInfoLogger.java:50)- Starting SanquanApplication on tuojiangdeMBP with PID 30296 (/Users/sc/Desktop/sanquan/sanquan-java/target/classes started by sc in /Users/sc/Desktop/sanquan/sanquan-java)
2021-04-07 10:22:51,382 DEBUG (StartupInfoLogger.java:53)- Running with Spring Boot v2.1.5.RELEASE, Spring v5.1.7.RELEASE
2021-04-07 10:22:51,382 INFO (SpringApplication.java:679)- The following profiles are active: test
2021-04-07 10:22:53,733 INFO (StartupInfoLogger.java:59)- Started SanquanApplication in 2.663 seconds (JVM running for 3.287)
2021-04-07 10:23:01,198 INFO (LoginController.java:185)- 登录验证码value：508407
2021-04-07 10:23:01,199 INFO (LoginController.java:186)- 登录验证码key：VI_e6aefdde-368e-4b2b-861a-144665581269
2021-04-07 10:23:01,318 INFO (LoginController.java:185)- 登录验证码value：271504
2021-04-07 10:23:01,318 INFO (LoginController.java:186)- 登录验证码key：VI_3bf61f8c-7504-4113-a687-8e70165eee44
2021-04-07 10:23:02,919 INFO (LoginController.java:185)- 登录验证码value：451557
2021-04-07 10:23:02,920 INFO (LoginController.java:186)- 登录验证码key：VI_21536ced-7e8f-4cb1-872d-0ce3fd83ad51
2021-04-07 10:23:39,788 INFO (StartupInfoLogger.java:50)- Starting SanquanApplication on tuojiangdeMBP with PID 30433 (/Users/sc/Desktop/sanquan/sanquan-java/target/classes started by sc in /Users/sc/Desktop/sanquan/sanquan-java)
2021-04-07 10:23:39,790 DEBUG (StartupInfoLogger.java:53)- Running with Spring Boot v2.1.5.RELEASE, Spring v5.1.7.RELEASE
2021-04-07 10:23:39,790 INFO (SpringApplication.java:679)- The following profiles are active: test
2021-04-07 10:23:41,962 INFO (StartupInfoLogger.java:59)- Started SanquanApplication in 2.722 seconds (JVM running for 2.998)
2021-04-07 10:23:59,872 INFO (LoginController.java:185)- 登录验证码value：119464
2021-04-07 10:23:59,872 INFO (LoginController.java:186)- 登录验证码key：VI_9f4ccddd-c08e-4d7f-ae90-83e33ded002d
2021-04-07 10:24:02,134 INFO (LoginController.java:185)- 登录验证码value：802681
2021-04-07 10:24:02,135 INFO (LoginController.java:186)- 登录验证码key：VI_a43a8323-2d72-450b-8637-5457a98f4463
2021-04-07 10:25:34,805 INFO (LoginController.java:185)- 登录验证码value：844714
2021-04-07 10:25:34,808 INFO (LoginController.java:186)- 登录验证码key：VI_e2b917d7-fe64-4e6d-a0bd-ce1997d6c249
2021-04-07 10:30:12,059 INFO (LoginController.java:185)- 登录验证码value：681334
2021-04-07 10:30:12,061 INFO (LoginController.java:186)- 登录验证码key：VI_ba7ed617-6b25-4bc4-8a43-6fcfbc1e90b8
2021-04-07 10:30:14,388 INFO (LoginController.java:185)- 登录验证码value：839479
2021-04-07 10:30:14,394 INFO (LoginController.java:186)- 登录验证码key：VI_dff16864-eb0a-4e8d-805e-7615e588de55
2021-04-07 10:31:48,643 INFO (LoginController.java:185)- 登录验证码value：945125
2021-04-07 10:31:48,644 INFO (LoginController.java:186)- 登录验证码key：VI_6bb6aa91-6dcf-41a8-9237-9684a5ab4359
2021-04-07 10:41:33,666 INFO (StartupInfoLogger.java:50)- Starting SanquanApplication on tuojiangdeMBP with PID 32652 (/Users/sc/Desktop/sanquan/sanquan-java/target/classes started by sc in /Users/sc/Desktop/sanquan/sanquan-java)
2021-04-07 10:41:33,668 DEBUG (StartupInfoLogger.java:53)- Running with Spring Boot v2.1.5.RELEASE, Spring v5.1.7.RELEASE
2021-04-07 10:41:33,668 INFO (SpringApplication.java:679)- The following profiles are active: test
2021-04-07 10:41:36,021 INFO (StartupInfoLogger.java:59)- Started SanquanApplication in 2.662 seconds (JVM running for 2.998)
2021-04-07 10:41:43,719 INFO (LoginController.java:185)- 登录验证码value：309660
2021-04-07 10:41:43,719 INFO (LoginController.java:186)- 登录验证码key：VI_d1648586-6b03-4d9d-b17e-fcb35a2532f8
2021-04-07 10:46:56,820 INFO (StartupInfoLogger.java:50)- Starting SanquanApplication on tuojiangdeMBP with PID 33358 (/Users/sc/Desktop/sanquan/sanquan-java/target/classes started by sc in /Users/sc/Desktop/sanquan/sanquan-java)
2021-04-07 10:46:56,821 DEBUG (StartupInfoLogger.java:53)- Running with Spring Boot v2.1.5.RELEASE, Spring v5.1.7.RELEASE
2021-04-07 10:46:56,822 INFO (SpringApplication.java:679)- The following profiles are active: test
2021-04-07 10:46:59,271 INFO (StartupInfoLogger.java:59)- Started SanquanApplication in 2.763 seconds (JVM running for 3.122)
2021-04-07 10:47:20,491 INFO (LoginController.java:185)- 登录验证码value：794821
2021-04-07 10:47:20,495 INFO (LoginController.java:186)- 登录验证码key：VI_ae5a0a8a-10e3-4feb-a58b-90f4d6fc56bf
2021-04-07 10:51:40,015 INFO (StartupInfoLogger.java:50)- Starting SanquanApplication on tuojiangdeMBP with PID 34039 (/Users/sc/Desktop/sanquan/sanquan-java/target/classes started by sc in /Users/sc/Desktop/sanquan/sanquan-java)
2021-04-07 10:51:40,017 DEBUG (StartupInfoLogger.java:53)- Running with Spring Boot v2.1.5.RELEASE, Spring v5.1.7.RELEASE
2021-04-07 10:51:40,017 INFO (SpringApplication.java:679)- The following profiles are active: test
2021-04-07 10:51:42,208 INFO (StartupInfoLogger.java:59)- Started SanquanApplication in 2.461 seconds (JVM running for 3.822)
2021-04-07 10:51:56,019 INFO (LoginController.java:185)- 登录验证码value：358190
2021-04-07 10:51:56,019 INFO (LoginController.java:186)- 登录验证码key：VI_25c1fdca-533c-47be-b4cc-7a718faf37d0
2021-04-07 10:52:43,306 INFO (LoginController.java:185)- 登录验证码value：748085
2021-04-07 10:52:43,308 INFO (LoginController.java:186)- 登录验证码key：VI_92b826f9-698d-4bbe-9f4d-4db79f8c8a8d
2021-04-07 10:53:36,308 INFO (LoginController.java:185)- 登录验证码value：751077
2021-04-07 10:53:36,309 INFO (LoginController.java:186)- 登录验证码key：VI_e776edd2-6f91-4f35-b1af-ac64e30e5cc3
2021-04-07 10:57:47,069 INFO (LoginController.java:185)- 登录验证码value：374506
2021-04-07 10:57:47,071 INFO (LoginController.java:186)- 登录验证码key：VI_80e91bf6-a9ee-4424-81ff-4906374a391e
2021-04-07 10:57:53,178 INFO (LoginController.java:185)- 登录验证码value：005203
2021-04-07 10:57:53,180 INFO (LoginController.java:186)- 登录验证码key：VI_09362069-a65e-43fb-93d9-54ca6e3cea88
2021-04-07 10:58:25,865 INFO (LoginController.java:185)- 登录验证码value：459839
2021-04-07 10:58:25,866 INFO (LoginController.java:186)- 登录验证码key：VI_4b10d704-9041-4869-8bfd-47a848419450
2021-04-07 10:59:12,010 INFO (LoginController.java:185)- 登录验证码value：024491
2021-04-07 10:59:12,010 INFO (LoginController.java:186)- 登录验证码key：VI_bd6d7509-7606-4e2c-8076-5a0d301854f1
2021-04-07 10:59:14,306 INFO (LoginController.java:185)- 登录验证码value：606176
2021-04-07 10:59:14,312 INFO (LoginController.java:186)- 登录验证码key：VI_fd6fcab6-eb35-415a-a77b-ec134baae6ba
2021-04-07 10:59:43,388 INFO (LoginController.java:185)- 登录验证码value：964737
2021-04-07 10:59:43,389 INFO (LoginController.java:186)- 登录验证码key：VI_8ed25d5d-f655-4d15-a5ff-ae60e9d713ec
2021-04-07 10:59:45,375 INFO (LoginController.java:185)- 登录验证码value：665644
2021-04-07 10:59:45,376 INFO (LoginController.java:186)- 登录验证码key：VI_3c4b50d9-1f10-4357-b093-186aa398a5de
2021-04-07 11:00:44,247 INFO (LoginController.java:185)- 登录验证码value：075137
2021-04-07 11:00:44,249 INFO (LoginController.java:186)- 登录验证码key：VI_ea19e949-130e-4bfa-b475-02e2bf350ea4
2021-04-07 11:00:46,990 INFO (LoginController.java:185)- 登录验证码value：931710
2021-04-07 11:00:46,993 INFO (LoginController.java:186)- 登录验证码key：VI_d9ed2526-42fe-4bae-b3a9-8cd10c994249
2021-04-07 11:00:49,780 INFO (LoginController.java:185)- 登录验证码value：420075
2021-04-07 11:00:49,781 INFO (LoginController.java:186)- 登录验证码key：VI_1c27169e-2a30-4ab1-9dbb-03a91d012103
2021-04-07 11:01:12,488 INFO (LoginController.java:185)- 登录验证码value：276035
2021-04-07 11:01:12,489 INFO (LoginController.java:186)- 登录验证码key：VI_a8a20c39-0e6e-4489-80b4-0bc51bfc5941
2021-04-07 11:01:20,649 INFO (LoginController.java:185)- 登录验证码value：763591
2021-04-07 11:01:20,650 INFO (LoginController.java:186)- 登录验证码key：VI_5d81399a-1329-4984-9e99-d5249f9f84e7
2021-04-07 11:01:40,666 INFO (LoginController.java:185)- 登录验证码value：200601
2021-04-07 11:01:40,666 INFO (LoginController.java:186)- 登录验证码key：VI_80791b17-84db-4149-8bda-276a45fca382
2021-04-07 11:02:27,014 INFO (LoginController.java:185)- 登录验证码value：327588
2021-04-07 11:02:27,016 INFO (LoginController.java:186)- 登录验证码key：VI_90be7fed-2406-40a6-8f59-f4bf9be1cc94
2021-04-07 11:02:29,383 INFO (LoginController.java:185)- 登录验证码value：711495
2021-04-07 11:02:29,384 INFO (LoginController.java:186)- 登录验证码key：VI_6f7d5a2a-f0f9-4124-927d-618b87515772
2021-04-07 11:05:20,928 INFO (LoginController.java:185)- 登录验证码value：115169
2021-04-07 11:05:20,930 INFO (LoginController.java:186)- 登录验证码key：VI_dc4e1161-ba4f-4e68-90fd-de13eda43007
2021-04-07 11:08:40,577 INFO (LoginController.java:185)- 登录验证码value：557491
2021-04-07 11:08:40,579 INFO (LoginController.java:186)- 登录验证码key：VI_73374962-4f36-45de-9db6-fb84817f2d08
2021-04-07 12:23:16,504 INFO (LoginController.java:185)- 登录验证码value：694320
2021-04-07 12:23:16,525 INFO (LoginController.java:186)- 登录验证码key：VI_0027b93a-6eec-428e-9c74-4b4e7f9103cf
2021-04-07 12:33:13,568 INFO (StartupInfoLogger.java:50)- Starting SanquanApplication on tuojiangdeMBP with PID 40049 (/Users/sc/Desktop/sanquan/sanquan-java/target/classes started by sc in /Users/sc/Desktop/sanquan/sanquan-java)
2021-04-07 12:33:13,569 DEBUG (StartupInfoLogger.java:53)- Running with Spring Boot v2.1.5.RELEASE, Spring v5.1.7.RELEASE
2021-04-07 12:33:13,570 INFO (SpringApplication.java:679)- The following profiles are active: test
2021-04-07 12:33:16,005 INFO (StartupInfoLogger.java:59)- Started SanquanApplication in 2.753 seconds (JVM running for 3.097)
2021-04-07 12:33:36,759 INFO (LoginController.java:185)- 登录验证码value：439333
2021-04-07 12:33:36,759 INFO (LoginController.java:186)- 登录验证码key：VI_42c310a7-82eb-4273-8cf1-d7578534f07f
2021-04-07 12:36:54,586 INFO (StartupInfoLogger.java:50)- Starting SanquanApplication on tuojiangdeMBP with PID 40454 (/Users/sc/Desktop/sanquan/sanquan-java/target/classes started by sc in /Users/sc/Desktop/sanquan/sanquan-java)
2021-04-07 12:36:54,589 DEBUG (StartupInfoLogger.java:53)- Running with Spring Boot v2.1.5.RELEASE, Spring v5.1.7.RELEASE
2021-04-07 12:36:54,589 INFO (SpringApplication.java:679)- The following profiles are active: test
2021-04-07 12:36:56,996 INFO (StartupInfoLogger.java:59)- Started SanquanApplication in 2.785 seconds (JVM running for 3.136)
2021-04-07 12:37:45,299 INFO (LoginController.java:185)- 登录验证码value：126310
2021-04-07 12:37:45,299 INFO (LoginController.java:186)- 登录验证码key：VI_6644d228-e356-4864-8c23-c8ad79da8700
2021-04-07 12:39:59,244 INFO (StartupInfoLogger.java:50)- Starting SanquanApplication on tuojiangdeMBP with PID 40772 (/Users/sc/Desktop/sanquan/sanquan-java/target/classes started by sc in /Users/sc/Desktop/sanquan/sanquan-java)
2021-04-07 12:39:59,280 DEBUG (StartupInfoLogger.java:53)- Running with Spring Boot v2.1.5.RELEASE, Spring v5.1.7.RELEASE
2021-04-07 12:39:59,280 INFO (SpringApplication.java:679)- The following profiles are active: test
2021-04-07 12:40:01,723 INFO (StartupInfoLogger.java:59)- Started SanquanApplication in 2.853 seconds (JVM running for 3.323)
2021-04-07 12:40:41,757 INFO (LoginController.java:185)- 登录验证码value：029800
2021-04-07 12:40:41,757 INFO (LoginController.java:186)- 登录验证码key：VI_6b74eb7e-01a2-4be8-afbf-d7d714851992
2021-04-07 12:55:00,811 INFO (LoginController.java:185)- 登录验证码value：294183
2021-04-07 12:55:00,833 INFO (LoginController.java:186)- 登录验证码key：VI_18b5f388-f989-4632-86d1-7eaff0906696
2021-04-07 13:06:25,355 INFO (LoginController.java:185)- 登录验证码value：995125
2021-04-07 13:06:25,363 INFO (LoginController.java:186)- 登录验证码key：VI_808b1992-a7b1-4d30-8fb6-ab1b7f03c15f
2021-04-07 13:07:43,893 INFO (LoginController.java:185)- 登录验证码value：350885
2021-04-07 13:07:43,898 INFO (LoginController.java:186)- 登录验证码key：VI_07ac0226-ada5-4f85-b2a5-6d1f1fd9e339
2021-04-07 13:08:23,315 INFO (LoginController.java:185)- 登录验证码value：335309
2021-04-07 13:08:23,319 INFO (LoginController.java:186)- 登录验证码key：VI_8f4da711-494c-489f-90bc-cb3d9f80e1b2
2021-04-07 13:08:53,823 INFO (LoginController.java:185)- 登录验证码value：076296
2021-04-07 13:08:53,826 INFO (LoginController.java:186)- 登录验证码key：VI_c7f90328-a61e-4a3c-b70c-2b50eb59f5a8
2021-04-07 13:10:01,502 INFO (LoginController.java:185)- 登录验证码value：536285
2021-04-07 13:10:01,507 INFO (LoginController.java:186)- 登录验证码key：VI_ae63d489-c59d-4789-b26e-2d3445d05786
2021-04-07 13:10:53,185 INFO (LoginController.java:185)- 登录验证码value：223081
2021-04-07 13:10:53,193 INFO (LoginController.java:186)- 登录验证码key：VI_dc0ce53a-4891-48c2-86e9-20786ae9a398
2021-04-07 13:11:32,923 INFO (LoginController.java:185)- 登录验证码value：668649
2021-04-07 13:11:32,925 INFO (LoginController.java:186)- 登录验证码key：VI_ed4d6bdc-b07f-4154-903b-dcc6dee463a8
2021-04-07 13:11:35,067 INFO (LoginController.java:185)- 登录验证码value：391626
2021-04-07 13:11:35,069 INFO (LoginController.java:186)- 登录验证码key：VI_b2547236-f06d-4443-a021-c04d596f6636
2021-04-07 13:12:10,908 INFO (LoginController.java:185)- 登录验证码value：728072
2021-04-07 13:12:10,911 INFO (LoginController.java:186)- 登录验证码key：VI_f7f72b27-390c-4176-b8ca-2e51de7d7ecc
2021-04-07 13:12:13,620 INFO (LoginController.java:185)- 登录验证码value：805847
2021-04-07 13:12:13,620 INFO (LoginController.java:186)- 登录验证码key：VI_82f674f8-8e1c-44dc-9514-41bf2661774d
2021-04-07 13:12:42,214 INFO (LoginController.java:185)- 登录验证码value：008393
2021-04-07 13:12:42,217 INFO (LoginController.java:186)- 登录验证码key：VI_2ec22e92-616c-4d2a-881c-ca1889078e7b
2021-04-07 13:13:04,752 INFO (LoginController.java:185)- 登录验证码value：667338
2021-04-07 13:13:04,754 INFO (LoginController.java:186)- 登录验证码key：VI_4c7d88ba-42a0-4b19-abab-56598a193543
2021-04-07 13:13:50,048 INFO (LoginController.java:185)- 登录验证码value：507865
2021-04-07 13:13:50,049 INFO (LoginController.java:186)- 登录验证码key：VI_eb8d63ed-506a-4617-9398-c463954f2a73
2021-04-07 13:18:08,522 INFO (LoginController.java:185)- 登录验证码value：700062
2021-04-07 13:18:08,523 INFO (LoginController.java:186)- 登录验证码key：VI_37d66dd7-109f-493a-b8e7-50ae52541410
2021-04-07 13:18:13,763 INFO (LoginController.java:185)- 登录验证码value：271817
2021-04-07 13:18:13,764 INFO (LoginController.java:186)- 登录验证码key：VI_a36092c7-6760-4b4a-b946-c0852c55ef44
2021-04-07 13:18:14,452 INFO (LoginController.java:185)- 登录验证码value：023524
2021-04-07 13:18:14,453 INFO (LoginController.java:186)- 登录验证码key：VI_9ff417ec-f1f8-425a-93c4-34f5b2880e1b
2021-04-07 13:20:14,757 INFO (LoginController.java:185)- 登录验证码value：725676
2021-04-07 13:20:14,759 INFO (LoginController.java:186)- 登录验证码key：VI_9596ee8e-e834-4520-bb3b-7faf8bd4c03d
2021-04-07 13:20:20,414 INFO (LoginController.java:185)- 登录验证码value：828535
2021-04-07 13:20:20,415 INFO (LoginController.java:186)- 登录验证码key：VI_7b384e2b-7daf-45a5-8b81-0195f2e43395
2021-04-07 13:20:28,982 INFO (LoginController.java:185)- 登录验证码value：836697
2021-04-07 13:20:28,986 INFO (LoginController.java:186)- 登录验证码key：VI_1e5273ac-4afd-4804-b0a1-e2282b469c45
2021-04-07 13:21:18,400 INFO (LoginController.java:185)- 登录验证码value：309319
2021-04-07 13:21:18,402 INFO (LoginController.java:186)- 登录验证码key：VI_caae30bf-f9c1-4159-b6c3-e207c089a58e
2021-04-07 13:21:20,633 INFO (LoginController.java:185)- 登录验证码value：722496
2021-04-07 13:21:20,635 INFO (LoginController.java:186)- 登录验证码key：VI_41919a30-eb8a-4346-9653-be651e0caa58
2021-04-07 13:21:22,481 INFO (LoginController.java:185)- 登录验证码value：784819
2021-04-07 13:21:22,481 INFO (LoginController.java:186)- 登录验证码key：VI_da8cba1b-c636-4150-b9f2-4fefe5b7c6ab
2021-04-07 13:21:23,655 INFO (LoginController.java:185)- 登录验证码value：537688
2021-04-07 13:21:23,656 INFO (LoginController.java:186)- 登录验证码key：VI_17660487-efc4-4035-b4db-23c76a015c08
2021-04-07 13:21:33,563 INFO (LoginController.java:185)- 登录验证码value：058483
2021-04-07 13:21:33,564 INFO (LoginController.java:186)- 登录验证码key：VI_e039ecf8-5745-4c7c-ac90-b12fa7bf09cc
2021-04-07 13:21:40,373 INFO (LoginController.java:185)- 登录验证码value：722091
2021-04-07 13:21:40,374 INFO (LoginController.java:186)- 登录验证码key：VI_2dd655ec-e5a8-44e8-923e-478f9868c9a6
2021-04-07 13:21:45,031 INFO (LoginController.java:185)- 登录验证码value：518330
2021-04-07 13:21:45,033 INFO (LoginController.java:186)- 登录验证码key：VI_4dc168e4-af86-47b8-955f-8903b4a39f20
2021-04-07 13:21:47,920 INFO (LoginController.java:185)- 登录验证码value：860822
2021-04-07 13:21:47,921 INFO (LoginController.java:186)- 登录验证码key：VI_20cb4959-9c4e-4204-9a47-698df580390c
2021-04-07 13:21:53,356 INFO (LoginController.java:185)- 登录验证码value：196683
2021-04-07 13:21:53,356 INFO (LoginController.java:186)- 登录验证码key：VI_3eace990-e82c-4411-8237-c857de3ed97e
2021-04-07 13:21:55,969 INFO (LoginController.java:185)- 登录验证码value：194319
2021-04-07 13:21:55,973 INFO (LoginController.java:186)- 登录验证码key：VI_a369b8ce-cd8a-4665-83ab-ca3cb931845f
2021-04-07 13:21:58,278 INFO (LoginController.java:185)- 登录验证码value：871631
2021-04-07 13:21:58,279 INFO (LoginController.java:186)- 登录验证码key：VI_d3953d89-b47a-4f93-83b7-e5ffadabbc45
2021-04-07 13:21:58,583 INFO (LoginController.java:185)- 登录验证码value：081899
2021-04-07 13:21:58,584 INFO (LoginController.java:186)- 登录验证码key：VI_a5fcd039-0137-4387-95b0-307e5123ec32
2021-04-07 13:21:58,818 INFO (LoginController.java:185)- 登录验证码value：512014
2021-04-07 13:21:58,819 INFO (LoginController.java:186)- 登录验证码key：VI_959113d1-6a6e-4697-817f-e667eb6e0a10
2021-04-07 13:22:04,772 INFO (LoginController.java:185)- 登录验证码value：543349
2021-04-07 13:22:04,773 INFO (LoginController.java:186)- 登录验证码key：VI_b76b9d0e-e3c5-49cd-855f-574cc4147afd
2021-04-07 13:22:33,454 INFO (LoginController.java:185)- 登录验证码value：645639
2021-04-07 13:22:33,455 INFO (LoginController.java:186)- 登录验证码key：VI_ceae4955-6c2a-4e63-980b-e3a34f0c5d65
2021-04-07 13:22:41,581 INFO (LoginController.java:185)- 登录验证码value：549607
2021-04-07 13:22:41,582 INFO (LoginController.java:186)- 登录验证码key：VI_ce592c16-51b7-4a6e-a6ca-558261eb36c7
2021-04-07 13:22:48,549 INFO (LoginController.java:185)- 登录验证码value：522524
2021-04-07 13:22:48,549 INFO (LoginController.java:186)- 登录验证码key：VI_a42d01d1-916b-4d83-bf41-607057cac7bd
2021-04-07 13:23:31,939 INFO (LoginController.java:185)- 登录验证码value：510994
2021-04-07 13:23:31,942 INFO (LoginController.java:186)- 登录验证码key：VI_b891895a-a022-4167-bc15-eb8378b6d74c
2021-04-07 13:23:36,122 INFO (LoginController.java:185)- 登录验证码value：991226
2021-04-07 13:23:36,123 INFO (LoginController.java:186)- 登录验证码key：VI_723cd847-e8e8-49aa-9ac6-b0c24861f6b4
2021-04-07 13:24:09,133 INFO (LoginController.java:185)- 登录验证码value：227160
2021-04-07 13:24:09,134 INFO (LoginController.java:186)- 登录验证码key：VI_1018f25a-93ef-4824-9822-5e4d1dc7faad
2021-04-07 13:24:12,429 INFO (LoginController.java:185)- 登录验证码value：512823
2021-04-07 13:24:12,430 INFO (LoginController.java:186)- 登录验证码key：VI_cd3eac96-302c-4021-919e-abd8e7cb418c
2021-04-07 13:24:14,067 INFO (LoginController.java:185)- 登录验证码value：997410
2021-04-07 13:24:14,067 INFO (LoginController.java:186)- 登录验证码key：VI_7b2c91a6-543a-4b4a-9ca9-e6c7f445fa7d
2021-04-07 13:24:40,545 INFO (LoginController.java:185)- 登录验证码value：584736
2021-04-07 13:24:40,549 INFO (LoginController.java:186)- 登录验证码key：VI_4bacdea9-7d71-4bbf-a176-c7df7f45613a
2021-04-07 13:24:42,464 INFO (LoginController.java:185)- 登录验证码value：350140
2021-04-07 13:24:42,464 INFO (LoginController.java:186)- 登录验证码key：VI_c207a960-6da2-4599-b446-4a16009a8f7c
2021-04-07 13:24:44,763 INFO (LoginController.java:185)- 登录验证码value：983023
2021-04-07 13:24:44,765 INFO (LoginController.java:186)- 登录验证码key：VI_538fef32-9190-4203-9185-3e3cfaf59cfd
2021-04-07 13:24:50,648 INFO (LoginController.java:185)- 登录验证码value：936761
2021-04-07 13:24:50,650 INFO (LoginController.java:186)- 登录验证码key：VI_9baea97d-3c36-477c-b4d1-7fd17f079eb9
2021-04-07 13:25:02,764 INFO (LoginController.java:185)- 登录验证码value：445781
2021-04-07 13:25:02,765 INFO (LoginController.java:186)- 登录验证码key：VI_ee468cbc-a42c-4aeb-b4c7-686246f75530
2021-04-07 13:25:18,767 INFO (LoginController.java:185)- 登录验证码value：598369
2021-04-07 13:25:18,768 INFO (LoginController.java:186)- 登录验证码key：VI_331129d7-13b7-4ce6-9a2e-9629ccb20870
2021-04-07 13:25:22,243 INFO (LoginController.java:185)- 登录验证码value：805023
2021-04-07 13:25:22,246 INFO (LoginController.java:186)- 登录验证码key：VI_329902fd-ab48-4406-a2ee-2da889da397c
2021-04-07 13:25:27,672 INFO (LoginController.java:185)- 登录验证码value：726597
2021-04-07 13:25:27,673 INFO (LoginController.java:186)- 登录验证码key：VI_2645fb8f-2d97-4597-97a9-2794f7eb3963
2021-04-07 13:26:09,548 INFO (LoginController.java:185)- 登录验证码value：024350
2021-04-07 13:26:09,549 INFO (LoginController.java:186)- 登录验证码key：VI_82aa6434-c403-40cf-8f48-72a520d20bad
2021-04-07 13:26:13,256 INFO (LoginController.java:185)- 登录验证码value：072276
2021-04-07 13:26:13,257 INFO (LoginController.java:186)- 登录验证码key：VI_53c49a40-0e0c-482f-a082-be8d00260e15
2021-04-07 13:26:19,303 INFO (LoginController.java:185)- 登录验证码value：360899
2021-04-07 13:26:19,304 INFO (LoginController.java:186)- 登录验证码key：VI_e2afcf58-c0fb-43b2-90b8-de4fc38078d6
