2021-04-22 13:19:03,258 INFO (StartupInfoLogger.java:50)- Starting SanquanApplication on 翔哥的电脑 with PID 7204 (D:\IdeaProjects\hnudongye-sanquanguan-sanquan-java-\target\classes started by Legion in D:\IdeaProjects\hnudongye-sanquanguan-sanquan-java-)
2021-04-22 13:19:03,258 DEBUG (StartupInfoLogger.java:53)- Running with Spring Boot v2.1.5.RELEASE, Spring v5.1.7.RELEASE
2021-04-22 13:19:03,258 INFO (SpringApplication.java:679)- The following profiles are active: test
2021-04-22 13:19:07,748 INFO (StartupInfoLogger.java:59)- Started SanquanApplication in 4.865 seconds (JVM running for 6.058)
2021-04-22 13:24:10,950 INFO (StartupInfoLogger.java:50)- Starting SanquanApplication on 翔哥的电脑 with PID 8944 (D:\IdeaProjects\hnudongye-sanquanguan-sanquan-java-\target\classes started by Legion in D:\IdeaProjects\hnudongye-sanquanguan-sanquan-java-)
2021-04-22 13:24:10,963 DEBUG (StartupInfoLogger.java:53)- Running with Spring Boot v2.1.5.RELEASE, Spring v5.1.7.RELEASE
2021-04-22 13:24:10,963 INFO (SpringApplication.java:679)- The following profiles are active: test
2021-04-22 13:24:15,256 INFO (StartupInfoLogger.java:59)- Started SanquanApplication in 4.712 seconds (JVM running for 5.896)
2021-04-22 13:29:41,970 INFO (StartupInfoLogger.java:50)- Starting SanquanApplication on 翔哥的电脑 with PID 19448 (D:\IdeaProjects\hnudongye-sanquanguan-sanquan-java-\target\classes started by Legion in D:\IdeaProjects\hnudongye-sanquanguan-sanquan-java-)
2021-04-22 13:29:41,985 DEBUG (StartupInfoLogger.java:53)- Running with Spring Boot v2.1.5.RELEASE, Spring v5.1.7.RELEASE
2021-04-22 13:29:41,985 INFO (SpringApplication.java:679)- The following profiles are active: test
2021-04-22 13:29:55,730 INFO (StartupInfoLogger.java:50)- Starting SanquanApplication on 翔哥的电脑 with PID 6684 (D:\IdeaProjects\hnudongye-sanquanguan-sanquan-java-\target\classes started by Legion in D:\IdeaProjects\hnudongye-sanquanguan-sanquan-java-)
2021-04-22 13:29:55,745 DEBUG (StartupInfoLogger.java:53)- Running with Spring Boot v2.1.5.RELEASE, Spring v5.1.7.RELEASE
2021-04-22 13:29:55,745 INFO (SpringApplication.java:679)- The following profiles are active: test
2021-04-22 13:30:02,858 INFO (StartupInfoLogger.java:59)- Started SanquanApplication in 7.757 seconds (JVM running for 9.731)
2021-04-22 13:30:59,994 INFO (StartupInfoLogger.java:50)- Starting SanquanApplication on 翔哥的电脑 with PID 14112 (D:\IdeaProjects\hnudongye-sanquanguan-sanquan-java-\target\classes started by Legion in D:\IdeaProjects\hnudongye-sanquanguan-sanquan-java-)
2021-04-22 13:31:00,041 DEBUG (StartupInfoLogger.java:53)- Running with Spring Boot v2.1.5.RELEASE, Spring v5.1.7.RELEASE
2021-04-22 13:31:00,041 INFO (SpringApplication.java:679)- The following profiles are active: test
2021-04-22 13:31:06,927 INFO (StartupInfoLogger.java:59)- Started SanquanApplication in 7.558 seconds (JVM running for 9.592)
2021-04-22 13:32:49,871 INFO (CustomizedModularRealmAuthenticator.java:27)- CustomizedModularRealmAuthenticator:method doAuthenticate() execute 
2021-04-22 13:34:01,318 INFO (StartupInfoLogger.java:50)- Starting SanquanApplication on 翔哥的电脑 with PID 11352 (D:\IdeaProjects\hnudongye-sanquanguan-sanquan-java-\target\classes started by Legion in D:\IdeaProjects\hnudongye-sanquanguan-sanquan-java-)
2021-04-22 13:34:01,318 DEBUG (StartupInfoLogger.java:53)- Running with Spring Boot v2.1.5.RELEASE, Spring v5.1.7.RELEASE
2021-04-22 13:34:01,318 INFO (SpringApplication.java:679)- The following profiles are active: test
2021-04-22 13:34:08,348 INFO (StartupInfoLogger.java:59)- Started SanquanApplication in 7.656 seconds (JVM running for 9.64)
2021-04-22 13:34:32,640 INFO (CustomizedModularRealmAuthenticator.java:27)- CustomizedModularRealmAuthenticator:method doAuthenticate() execute 
2021-04-22 13:36:23,194 INFO (StartupInfoLogger.java:50)- Starting SanquanApplication on 翔哥的电脑 with PID 15296 (D:\IdeaProjects\hnudongye-sanquanguan-sanquan-java-\target\classes started by Legion in D:\IdeaProjects\hnudongye-sanquanguan-sanquan-java-)
2021-04-22 13:36:23,210 DEBUG (StartupInfoLogger.java:53)- Running with Spring Boot v2.1.5.RELEASE, Spring v5.1.7.RELEASE
2021-04-22 13:36:23,210 INFO (SpringApplication.java:679)- The following profiles are active: test
2021-04-22 13:36:30,271 INFO (StartupInfoLogger.java:59)- Started SanquanApplication in 7.727 seconds (JVM running for 9.754)
2021-04-22 13:36:33,245 INFO (CustomizedModularRealmAuthenticator.java:27)- CustomizedModularRealmAuthenticator:method doAuthenticate() execute 
2021-04-22 16:38:05,107 INFO (StartupInfoLogger.java:50)- Starting SanquanApplication on 翔哥的电脑 with PID 18436 (D:\IdeaProjects\hnudongye-sanquanguan-sanquan-java-\target\classes started by Legion in D:\IdeaProjects\hnudongye-sanquanguan-sanquan-java-)
2021-04-22 16:38:05,107 DEBUG (StartupInfoLogger.java:53)- Running with Spring Boot v2.1.5.RELEASE, Spring v5.1.7.RELEASE
2021-04-22 16:38:05,107 INFO (SpringApplication.java:679)- The following profiles are active: test
2021-04-22 16:38:09,420 INFO (StartupInfoLogger.java:59)- Started SanquanApplication in 4.688 seconds (JVM running for 5.912)
2021-04-22 16:38:21,626 INFO (CustomizedModularRealmAuthenticator.java:27)- CustomizedModularRealmAuthenticator:method doAuthenticate() execute 
2021-04-22 16:40:08,508 INFO (StartupInfoLogger.java:50)- Starting SanquanApplication on 翔哥的电脑 with PID 13124 (D:\IdeaProjects\hnudongye-sanquanguan-sanquan-java-\target\classes started by Legion in D:\IdeaProjects\hnudongye-sanquanguan-sanquan-java-)
2021-04-22 16:40:08,508 DEBUG (StartupInfoLogger.java:53)- Running with Spring Boot v2.1.5.RELEASE, Spring v5.1.7.RELEASE
2021-04-22 16:40:08,508 INFO (SpringApplication.java:679)- The following profiles are active: test
2021-04-22 16:40:15,471 INFO (StartupInfoLogger.java:59)- Started SanquanApplication in 7.597 seconds (JVM running for 9.597)
2021-04-22 16:40:19,232 INFO (CustomizedModularRealmAuthenticator.java:27)- CustomizedModularRealmAuthenticator:method doAuthenticate() execute 
2021-04-22 16:43:29,266 INFO (StartupInfoLogger.java:50)- Starting SanquanApplication on 翔哥的电脑 with PID 10360 (D:\IdeaProjects\hnudongye-sanquanguan-sanquan-java-\target\classes started by Legion in D:\IdeaProjects\hnudongye-sanquanguan-sanquan-java-)
2021-04-22 16:43:29,266 DEBUG (StartupInfoLogger.java:53)- Running with Spring Boot v2.1.5.RELEASE, Spring v5.1.7.RELEASE
2021-04-22 16:43:29,266 INFO (SpringApplication.java:679)- The following profiles are active: test
2021-04-22 16:43:36,269 INFO (StartupInfoLogger.java:59)- Started SanquanApplication in 7.748 seconds (JVM running for 9.873)
2021-04-22 16:43:44,168 INFO (CustomizedModularRealmAuthenticator.java:27)- CustomizedModularRealmAuthenticator:method doAuthenticate() execute 
2021-04-22 16:53:46,719 INFO (StartupInfoLogger.java:50)- Starting SanquanApplication on 翔哥的电脑 with PID 4496 (D:\IdeaProjects\hnudongye-sanquanguan-sanquan-java-\target\classes started by Legion in D:\IdeaProjects\hnudongye-sanquanguan-sanquan-java-)
2021-04-22 16:53:46,719 DEBUG (StartupInfoLogger.java:53)- Running with Spring Boot v2.1.5.RELEASE, Spring v5.1.7.RELEASE
2021-04-22 16:53:46,719 INFO (SpringApplication.java:679)- The following profiles are active: test
2021-04-22 16:53:54,285 INFO (StartupInfoLogger.java:59)- Started SanquanApplication in 8.169 seconds (JVM running for 10.228)
2021-04-22 16:54:38,851 INFO (CustomizedModularRealmAuthenticator.java:27)- CustomizedModularRealmAuthenticator:method doAuthenticate() execute 
2021-04-22 17:00:19,012 INFO (LoginController.java:188)- 登录验证码value：455970
2021-04-22 17:00:19,013 INFO (LoginController.java:189)- 登录验证码key：VI_4ec6fe79-985d-4c85-bd0d-52fa0570a42f
2021-04-22 17:02:51,480 INFO (CustomizedModularRealmAuthenticator.java:27)- CustomizedModularRealmAuthenticator:method doAuthenticate() execute 
2021-04-22 17:05:12,190 INFO (LoginController.java:188)- 登录验证码value：673063
2021-04-22 17:05:12,191 INFO (LoginController.java:189)- 登录验证码key：VI_fb35c40e-2f39-4f66-8f21-c266c9bfa694
2021-04-22 17:06:18,122 INFO (CustomizedModularRealmAuthenticator.java:27)- CustomizedModularRealmAuthenticator:method doAuthenticate() execute 
2021-04-22 17:13:23,500 INFO (StartupInfoLogger.java:50)- Starting SanquanApplication on 翔哥的电脑 with PID 14976 (D:\IdeaProjects\hnudongye-sanquanguan-sanquan-java-\target\classes started by Legion in D:\IdeaProjects\hnudongye-sanquanguan-sanquan-java-)
2021-04-22 17:13:23,500 DEBUG (StartupInfoLogger.java:53)- Running with Spring Boot v2.1.5.RELEASE, Spring v5.1.7.RELEASE
2021-04-22 17:13:23,500 INFO (SpringApplication.java:679)- The following profiles are active: test
2021-04-22 17:13:30,620 INFO (StartupInfoLogger.java:59)- Started SanquanApplication in 7.747 seconds (JVM running for 9.855)
2021-04-22 17:13:42,009 INFO (LoginController.java:188)- 登录验证码value：604124
2021-04-22 17:13:42,010 INFO (LoginController.java:189)- 登录验证码key：VI_2b27bb29-96cc-4f5e-af09-94213e665848
2021-04-22 17:14:46,535 INFO (CustomizedModularRealmAuthenticator.java:27)- CustomizedModularRealmAuthenticator:method doAuthenticate() execute 
2021-04-22 17:27:25,728 INFO (StartupInfoLogger.java:50)- Starting SanquanApplication on 翔哥的电脑 with PID 19068 (D:\IdeaProjects\hnudongye-sanquanguan-sanquan-java-\target\classes started by Legion in D:\IdeaProjects\hnudongye-sanquanguan-sanquan-java-)
2021-04-22 17:27:25,730 DEBUG (StartupInfoLogger.java:53)- Running with Spring Boot v2.1.5.RELEASE, Spring v5.1.7.RELEASE
2021-04-22 17:27:25,730 INFO (SpringApplication.java:679)- The following profiles are active: test
2021-04-22 17:27:29,998 INFO (StartupInfoLogger.java:59)- Started SanquanApplication in 4.681 seconds (JVM running for 5.864)
2021-04-22 17:27:45,233 INFO (LoginController.java:188)- 登录验证码value：152792
2021-04-22 17:27:45,233 INFO (LoginController.java:189)- 登录验证码key：VI_e03629f8-11d6-40d8-bd8c-b12e909988e6
2021-04-22 17:28:29,937 INFO (CustomizedModularRealmAuthenticator.java:27)- CustomizedModularRealmAuthenticator:method doAuthenticate() execute 
2021-04-22 17:32:22,787 INFO (StartupInfoLogger.java:50)- Starting SanquanApplication on 翔哥的电脑 with PID 17668 (D:\IdeaProjects\hnudongye-sanquanguan-sanquan-java-\target\classes started by Legion in D:\IdeaProjects\hnudongye-sanquanguan-sanquan-java-)
2021-04-22 17:32:22,787 DEBUG (StartupInfoLogger.java:53)- Running with Spring Boot v2.1.5.RELEASE, Spring v5.1.7.RELEASE
2021-04-22 17:32:22,787 INFO (SpringApplication.java:679)- The following profiles are active: test
2021-04-22 17:32:30,101 INFO (StartupInfoLogger.java:59)- Started SanquanApplication in 8.026 seconds (JVM running for 10.098)
2021-04-22 17:32:45,463 INFO (LoginController.java:188)- 登录验证码value：148599
2021-04-22 17:32:45,464 INFO (LoginController.java:189)- 登录验证码key：VI_e95d40a3-c15b-493c-be67-00efb5b12dd1
2021-04-22 17:33:21,379 INFO (CustomizedModularRealmAuthenticator.java:27)- CustomizedModularRealmAuthenticator:method doAuthenticate() execute 
2021-04-22 17:36:22,640 INFO (StartupInfoLogger.java:50)- Starting SanquanApplication on 翔哥的电脑 with PID 10420 (D:\IdeaProjects\hnudongye-sanquanguan-sanquan-java-\target\classes started by Legion in D:\IdeaProjects\hnudongye-sanquanguan-sanquan-java-)
2021-04-22 17:36:22,640 DEBUG (StartupInfoLogger.java:53)- Running with Spring Boot v2.1.5.RELEASE, Spring v5.1.7.RELEASE
2021-04-22 17:36:22,640 INFO (SpringApplication.java:679)- The following profiles are active: test
2021-04-22 17:36:29,762 INFO (StartupInfoLogger.java:59)- Started SanquanApplication in 7.818 seconds (JVM running for 9.817)
2021-04-22 17:36:38,055 INFO (LoginController.java:188)- 登录验证码value：905953
2021-04-22 17:36:38,056 INFO (LoginController.java:189)- 登录验证码key：VI_d4cfa1a2-e8d4-4627-9071-5f620089c196
2021-04-22 17:37:18,894 INFO (CustomizedModularRealmAuthenticator.java:27)- CustomizedModularRealmAuthenticator:method doAuthenticate() execute 
2021-04-22 17:37:59,694 INFO (StartupInfoLogger.java:50)- Starting SanquanApplication on 翔哥的电脑 with PID 19168 (D:\IdeaProjects\hnudongye-sanquanguan-sanquan-java-\target\classes started by Legion in D:\IdeaProjects\hnudongye-sanquanguan-sanquan-java-)
2021-04-22 17:37:59,694 DEBUG (StartupInfoLogger.java:53)- Running with Spring Boot v2.1.5.RELEASE, Spring v5.1.7.RELEASE
2021-04-22 17:37:59,694 INFO (SpringApplication.java:679)- The following profiles are active: test
2021-04-22 17:38:06,014 INFO (StartupInfoLogger.java:59)- Started SanquanApplication in 7.012 seconds (JVM running for 9.986)
2021-04-22 17:38:12,427 INFO (LoginController.java:188)- 登录验证码value：644108
2021-04-22 17:38:12,427 INFO (LoginController.java:189)- 登录验证码key：VI_d84c4f1e-cad1-40b9-93f6-b26e19fc1b2b
2021-04-22 17:38:51,968 INFO (CustomizedModularRealmAuthenticator.java:27)- CustomizedModularRealmAuthenticator:method doAuthenticate() execute 
2021-04-22 17:41:39,116 INFO (StartupInfoLogger.java:50)- Starting SanquanApplication on 翔哥的电脑 with PID 4552 (D:\IdeaProjects\hnudongye-sanquanguan-sanquan-java-\target\classes started by Legion in D:\IdeaProjects\hnudongye-sanquanguan-sanquan-java-)
2021-04-22 17:41:39,116 DEBUG (StartupInfoLogger.java:53)- Running with Spring Boot v2.1.5.RELEASE, Spring v5.1.7.RELEASE
2021-04-22 17:41:39,116 INFO (SpringApplication.java:679)- The following profiles are active: test
2021-04-22 17:41:43,411 INFO (StartupInfoLogger.java:59)- Started SanquanApplication in 4.689 seconds (JVM running for 6.047)
2021-04-22 17:41:52,924 INFO (LoginController.java:188)- 登录验证码value：698709
2021-04-22 17:41:52,924 INFO (LoginController.java:189)- 登录验证码key：VI_6ce1772f-d7d6-4a21-8988-fe94eaeb1201
2021-04-22 17:42:24,222 INFO (CustomizedModularRealmAuthenticator.java:27)- CustomizedModularRealmAuthenticator:method doAuthenticate() execute 
2021-04-22 18:12:10,264 INFO (StartupInfoLogger.java:50)- Starting SanquanApplication on 翔哥的电脑 with PID 11320 (D:\IdeaProjects\hnudongye-sanquanguan-sanquan-java-\target\classes started by Legion in D:\IdeaProjects\hnudongye-sanquanguan-sanquan-java-)
2021-04-22 18:12:10,264 DEBUG (StartupInfoLogger.java:53)- Running with Spring Boot v2.1.5.RELEASE, Spring v5.1.7.RELEASE
2021-04-22 18:12:10,264 INFO (SpringApplication.java:679)- The following profiles are active: test
2021-04-22 18:12:17,663 INFO (StartupInfoLogger.java:59)- Started SanquanApplication in 8.025 seconds (JVM running for 10.031)
2021-04-22 18:12:46,245 INFO (LoginController.java:188)- 登录验证码value：065203
2021-04-22 18:12:46,245 INFO (LoginController.java:189)- 登录验证码key：VI_0ccf0cba-9e78-4395-8910-a3ff720477ef
2021-04-22 18:13:21,784 INFO (CustomizedModularRealmAuthenticator.java:27)- CustomizedModularRealmAuthenticator:method doAuthenticate() execute 
2021-04-22 18:15:37,461 INFO (StartupInfoLogger.java:50)- Starting SanquanApplicationTests on 翔哥的电脑 with PID 8824 (started by Legion in D:\IdeaProjects\hnudongye-sanquanguan-sanquan-java-)
2021-04-22 18:15:37,461 DEBUG (StartupInfoLogger.java:53)- Running with Spring Boot v2.1.5.RELEASE, Spring v5.1.7.RELEASE
2021-04-22 18:15:37,461 INFO (SpringApplication.java:679)- The following profiles are active: test
2021-04-22 18:15:44,288 INFO (StartupInfoLogger.java:59)- Started SanquanApplicationTests in 7.264 seconds (JVM running for 8.242)
2021-04-22 18:16:04,009 INFO (StartupInfoLogger.java:50)- Starting SanquanApplication on 翔哥的电脑 with PID 8156 (D:\IdeaProjects\hnudongye-sanquanguan-sanquan-java-\target\classes started by Legion in D:\IdeaProjects\hnudongye-sanquanguan-sanquan-java-)
2021-04-22 18:16:04,009 DEBUG (StartupInfoLogger.java:53)- Running with Spring Boot v2.1.5.RELEASE, Spring v5.1.7.RELEASE
2021-04-22 18:16:04,009 INFO (SpringApplication.java:679)- The following profiles are active: test
2021-04-22 18:16:08,222 INFO (StartupInfoLogger.java:59)- Started SanquanApplication in 4.636 seconds (JVM running for 5.805)
2021-04-22 18:16:32,541 INFO (LoginController.java:188)- 登录验证码value：060069
2021-04-22 18:16:32,542 INFO (LoginController.java:189)- 登录验证码key：VI_7c280120-61ac-4070-ab7f-fcf4a579646e
2021-04-22 18:17:03,192 INFO (CustomizedModularRealmAuthenticator.java:27)- CustomizedModularRealmAuthenticator:method doAuthenticate() execute 
2021-04-22 18:39:57,056 INFO (StartupInfoLogger.java:50)- Starting SanquanApplication on 翔哥的电脑 with PID 7476 (D:\IdeaProjects\hnudongye-sanquanguan-sanquan-java-\target\classes started by Legion in D:\IdeaProjects\hnudongye-sanquanguan-sanquan-java-)
2021-04-22 18:39:57,103 DEBUG (StartupInfoLogger.java:53)- Running with Spring Boot v2.1.5.RELEASE, Spring v5.1.7.RELEASE
2021-04-22 18:39:57,103 INFO (SpringApplication.java:679)- The following profiles are active: test
2021-04-22 18:40:04,047 INFO (StartupInfoLogger.java:59)- Started SanquanApplication in 7.624 seconds (JVM running for 9.695)
2021-04-22 18:40:47,432 INFO (LoginController.java:188)- 登录验证码value：487687
2021-04-22 18:40:47,433 INFO (LoginController.java:189)- 登录验证码key：VI_e05581a4-0362-4db7-aa25-37ae12c5321b
2021-04-22 18:41:34,069 INFO (CustomizedModularRealmAuthenticator.java:27)- CustomizedModularRealmAuthenticator:method doAuthenticate() execute 
2021-04-22 18:42:37,181 INFO (StartupInfoLogger.java:50)- Starting SanquanApplication on 翔哥的电脑 with PID 19392 (D:\IdeaProjects\hnudongye-sanquanguan-sanquan-java-\target\classes started by Legion in D:\IdeaProjects\hnudongye-sanquanguan-sanquan-java-)
2021-04-22 18:42:37,230 DEBUG (StartupInfoLogger.java:53)- Running with Spring Boot v2.1.5.RELEASE, Spring v5.1.7.RELEASE
2021-04-22 18:42:37,230 INFO (SpringApplication.java:679)- The following profiles are active: test
2021-04-22 18:42:44,712 INFO (StartupInfoLogger.java:59)- Started SanquanApplication in 8.448 seconds (JVM running for 10.525)
2021-04-22 18:50:05,390 INFO (LoginController.java:188)- 登录验证码value：027493
2021-04-22 18:50:05,391 INFO (LoginController.java:189)- 登录验证码key：VI_3cd182b8-62fa-477b-94a9-0f5e332ff472
2021-04-22 18:50:40,250 INFO (CustomizedModularRealmAuthenticator.java:27)- CustomizedModularRealmAuthenticator:method doAuthenticate() execute 
2021-04-22 21:05:43,243 INFO (StartupInfoLogger.java:50)- Starting SanquanApplication on 翔哥的电脑 with PID 9548 (D:\IdeaProjects\hnudongye-sanquanguan-sanquan-java-\target\classes started by Legion in D:\IdeaProjects\hnudongye-sanquanguan-sanquan-java-)
2021-04-22 21:05:43,245 DEBUG (StartupInfoLogger.java:53)- Running with Spring Boot v2.1.5.RELEASE, Spring v5.1.7.RELEASE
2021-04-22 21:05:43,245 INFO (SpringApplication.java:679)- The following profiles are active: test
2021-04-22 21:05:47,545 INFO (StartupInfoLogger.java:59)- Started SanquanApplication in 4.732 seconds (JVM running for 5.973)
2021-04-22 21:12:31,821 INFO (LoginController.java:188)- 登录验证码value：026362
2021-04-22 21:12:31,822 INFO (LoginController.java:189)- 登录验证码key：VI_a042e87b-ffbe-4abd-a313-54d58b2b0741
2021-04-22 21:13:52,101 INFO (CustomizedModularRealmAuthenticator.java:27)- CustomizedModularRealmAuthenticator:method doAuthenticate() execute 
2021-04-22 21:14:25,109 INFO (CustomizedModularRealmAuthenticator.java:27)- CustomizedModularRealmAuthenticator:method doAuthenticate() execute 
2021-04-22 21:16:29,097 INFO (StartupInfoLogger.java:50)- Starting SanquanApplication on 翔哥的电脑 with PID 13292 (D:\IdeaProjects\hnudongye-sanquanguan-sanquan-java-\target\classes started by Legion in D:\IdeaProjects\hnudongye-sanquanguan-sanquan-java-)
2021-04-22 21:16:29,101 DEBUG (StartupInfoLogger.java:53)- Running with Spring Boot v2.1.5.RELEASE, Spring v5.1.7.RELEASE
2021-04-22 21:16:29,101 INFO (SpringApplication.java:679)- The following profiles are active: test
2021-04-22 21:16:36,225 INFO (StartupInfoLogger.java:59)- Started SanquanApplication in 7.813 seconds (JVM running for 9.879)
2021-04-22 21:16:53,133 INFO (CustomizedModularRealmAuthenticator.java:27)- CustomizedModularRealmAuthenticator:method doAuthenticate() execute 
2021-04-22 21:20:35,234 INFO (StartupInfoLogger.java:50)- Starting SanquanApplication on 翔哥的电脑 with PID 17288 (D:\IdeaProjects\hnudongye-sanquanguan-sanquan-java-\target\classes started by Legion in D:\IdeaProjects\hnudongye-sanquanguan-sanquan-java-)
2021-04-22 21:20:35,282 DEBUG (StartupInfoLogger.java:53)- Running with Spring Boot v2.1.5.RELEASE, Spring v5.1.7.RELEASE
2021-04-22 21:20:35,282 INFO (SpringApplication.java:679)- The following profiles are active: test
2021-04-22 21:20:42,373 INFO (StartupInfoLogger.java:59)- Started SanquanApplication in 7.812 seconds (JVM running for 10.001)
2021-04-22 21:21:05,681 INFO (CustomizedModularRealmAuthenticator.java:27)- CustomizedModularRealmAuthenticator:method doAuthenticate() execute 
2021-04-22 21:24:49,364 INFO (StartupInfoLogger.java:50)- Starting SanquanApplication on 翔哥的电脑 with PID 14328 (D:\IdeaProjects\hnudongye-sanquanguan-sanquan-java-\target\classes started by Legion in D:\IdeaProjects\hnudongye-sanquanguan-sanquan-java-)
2021-04-22 21:24:49,366 DEBUG (StartupInfoLogger.java:53)- Running with Spring Boot v2.1.5.RELEASE, Spring v5.1.7.RELEASE
2021-04-22 21:24:49,367 INFO (SpringApplication.java:679)- The following profiles are active: test
2021-04-22 21:24:54,208 INFO (StartupInfoLogger.java:59)- Started SanquanApplication in 5.39 seconds (JVM running for 6.91)
2021-04-22 21:26:40,663 INFO (CustomizedModularRealmAuthenticator.java:27)- CustomizedModularRealmAuthenticator:method doAuthenticate() execute 
2021-04-22 21:30:24,058 INFO (StartupInfoLogger.java:50)- Starting SanquanApplication on 翔哥的电脑 with PID 19376 (D:\IdeaProjects\hnudongye-sanquanguan-sanquan-java-\target\classes started by Legion in D:\IdeaProjects\hnudongye-sanquanguan-sanquan-java-)
2021-04-22 21:30:24,060 DEBUG (StartupInfoLogger.java:53)- Running with Spring Boot v2.1.5.RELEASE, Spring v5.1.7.RELEASE
2021-04-22 21:30:24,060 INFO (SpringApplication.java:679)- The following profiles are active: test
2021-04-22 21:30:28,326 INFO (StartupInfoLogger.java:59)- Started SanquanApplication in 4.662 seconds (JVM running for 5.859)
2021-04-22 21:32:16,678 INFO (CustomizedModularRealmAuthenticator.java:27)- CustomizedModularRealmAuthenticator:method doAuthenticate() execute 
2021-04-22 21:40:15,071 INFO (StartupInfoLogger.java:50)- Starting SanquanApplication on 翔哥的电脑 with PID 20184 (D:\IdeaProjects\hnudongye-sanquanguan-sanquan-java-\target\classes started by Legion in D:\IdeaProjects\hnudongye-sanquanguan-sanquan-java-)
2021-04-22 21:40:15,118 DEBUG (StartupInfoLogger.java:53)- Running with Spring Boot v2.1.5.RELEASE, Spring v5.1.7.RELEASE
2021-04-22 21:40:15,119 INFO (SpringApplication.java:679)- The following profiles are active: test
2021-04-22 21:40:22,378 INFO (StartupInfoLogger.java:59)- Started SanquanApplication in 7.941 seconds (JVM running for 11.466)
2021-04-22 21:40:29,274 INFO (CustomizedModularRealmAuthenticator.java:27)- CustomizedModularRealmAuthenticator:method doAuthenticate() execute 
2021-04-22 21:42:10,314 INFO (StartupInfoLogger.java:50)- Starting SanquanApplication on 翔哥的电脑 with PID 10072 (D:\IdeaProjects\hnudongye-sanquanguan-sanquan-java-\target\classes started by Legion in D:\IdeaProjects\hnudongye-sanquanguan-sanquan-java-)
2021-04-22 21:42:10,317 DEBUG (StartupInfoLogger.java:53)- Running with Spring Boot v2.1.5.RELEASE, Spring v5.1.7.RELEASE
2021-04-22 21:42:10,317 INFO (SpringApplication.java:679)- The following profiles are active: test
2021-04-22 21:42:14,588 INFO (StartupInfoLogger.java:59)- Started SanquanApplication in 4.706 seconds (JVM running for 5.947)
2021-04-22 21:42:16,960 INFO (CustomizedModularRealmAuthenticator.java:27)- CustomizedModularRealmAuthenticator:method doAuthenticate() execute 
2021-04-22 21:44:41,440 INFO (StartupInfoLogger.java:50)- Starting SanquanApplication on 翔哥的电脑 with PID 12660 (D:\IdeaProjects\hnudongye-sanquanguan-sanquan-java-\target\classes started by Legion in D:\IdeaProjects\hnudongye-sanquanguan-sanquan-java-)
2021-04-22 21:44:41,442 DEBUG (StartupInfoLogger.java:53)- Running with Spring Boot v2.1.5.RELEASE, Spring v5.1.7.RELEASE
2021-04-22 21:44:41,443 INFO (SpringApplication.java:679)- The following profiles are active: test
2021-04-22 21:44:45,728 INFO (StartupInfoLogger.java:59)- Started SanquanApplication in 4.696 seconds (JVM running for 5.926)
2021-04-22 21:44:54,724 INFO (CustomizedModularRealmAuthenticator.java:27)- CustomizedModularRealmAuthenticator:method doAuthenticate() execute 
2021-04-22 21:48:44,003 INFO (StartupInfoLogger.java:50)- Starting SanquanApplication on 翔哥的电脑 with PID 20268 (D:\IdeaProjects\hnudongye-sanquanguan-sanquan-java-\target\classes started by Legion in D:\IdeaProjects\hnudongye-sanquanguan-sanquan-java-)
2021-04-22 21:48:44,005 DEBUG (StartupInfoLogger.java:53)- Running with Spring Boot v2.1.5.RELEASE, Spring v5.1.7.RELEASE
2021-04-22 21:48:44,005 INFO (SpringApplication.java:679)- The following profiles are active: test
2021-04-22 21:48:48,194 INFO (StartupInfoLogger.java:59)- Started SanquanApplication in 4.599 seconds (JVM running for 5.802)
2021-04-22 21:49:01,615 INFO (CustomizedModularRealmAuthenticator.java:27)- CustomizedModularRealmAuthenticator:method doAuthenticate() execute 
2021-04-22 21:52:10,798 INFO (StartupInfoLogger.java:50)- Starting SanquanApplication on 翔哥的电脑 with PID 15096 (D:\IdeaProjects\hnudongye-sanquanguan-sanquan-java-\target\classes started by Legion in D:\IdeaProjects\hnudongye-sanquanguan-sanquan-java-)
2021-04-22 21:52:10,801 DEBUG (StartupInfoLogger.java:53)- Running with Spring Boot v2.1.5.RELEASE, Spring v5.1.7.RELEASE
2021-04-22 21:52:10,801 INFO (SpringApplication.java:679)- The following profiles are active: test
2021-04-22 21:52:17,757 INFO (StartupInfoLogger.java:59)- Started SanquanApplication in 7.653 seconds (JVM running for 9.688)
2021-04-22 21:52:25,528 INFO (CustomizedModularRealmAuthenticator.java:27)- CustomizedModularRealmAuthenticator:method doAuthenticate() execute 
2021-04-22 21:55:11,438 INFO (StartupInfoLogger.java:50)- Starting SanquanApplication on 翔哥的电脑 with PID 19708 (D:\IdeaProjects\hnudongye-sanquanguan-sanquan-java-\target\classes started by Legion in D:\IdeaProjects\hnudongye-sanquanguan-sanquan-java-)
2021-04-22 21:55:11,441 DEBUG (StartupInfoLogger.java:53)- Running with Spring Boot v2.1.5.RELEASE, Spring v5.1.7.RELEASE
2021-04-22 21:55:11,442 INFO (SpringApplication.java:679)- The following profiles are active: test
2021-04-22 21:55:18,291 INFO (StartupInfoLogger.java:59)- Started SanquanApplication in 7.532 seconds (JVM running for 9.559)
2021-04-22 21:55:28,293 INFO (CustomizedModularRealmAuthenticator.java:27)- CustomizedModularRealmAuthenticator:method doAuthenticate() execute 
2021-04-22 23:28:37,906 INFO (StartupInfoLogger.java:50)- Starting SanquanApplication on 翔哥的电脑 with PID 19396 (D:\IdeaProjects\hnudongye-sanquanguan-sanquan-java-\target\classes started by Legion in D:\IdeaProjects\hnudongye-sanquanguan-sanquan-java-)
2021-04-22 23:28:37,908 DEBUG (StartupInfoLogger.java:53)- Running with Spring Boot v2.1.5.RELEASE, Spring v5.1.7.RELEASE
2021-04-22 23:28:37,908 INFO (SpringApplication.java:679)- The following profiles are active: test
2021-04-22 23:28:42,264 INFO (StartupInfoLogger.java:59)- Started SanquanApplication in 4.756 seconds (JVM running for 6.028)
2021-04-22 23:29:08,492 INFO (CustomizedModularRealmAuthenticator.java:27)- CustomizedModularRealmAuthenticator:method doAuthenticate() execute 
